2023/12/03 07:27:50 - mmengine - INFO - 
------------------------------------------------------------
System environment:
    sys.platform: linux
    Python: 3.9.18 (main, Sep 11 2023, 13:41:44) [GCC 11.2.0]
    CUDA available: True
    numpy_random_seed: 1092194459
    GPU 0,1,2,3,4,5,6,7: Tesla V100S-PCIE-32GB
    CUDA_HOME: /home/jy/apps/cuda-11.7
    NVCC: Cuda compilation tools, release 11.7, V11.7.64
    GCC: gcc (Ubuntu 7.5.0-3ubuntu1~18.04) 7.5.0
    PyTorch: 1.13.1+cu117
    PyTorch compiling details: PyTorch built with:
  - GCC 9.3
  - C++ Version: 201402
  - Intel(R) Math Kernel Library Version 2020.0.0 Product Build 20191122 for Intel(R) 64 architecture applications
  - Intel(R) MKL-DNN v2.6.0 (Git Hash 52b5f107dd9cf10910aaa19cb47f3abf9b349815)
  - OpenMP 201511 (a.k.a. OpenMP 4.5)
  - LAPACK is enabled (usually provided by MKL)
  - NNPACK is enabled
  - CPU capability usage: AVX2
  - CUDA Runtime 11.7
  - NVCC architecture flags: -gencode;arch=compute_37,code=sm_37;-gencode;arch=compute_50,code=sm_50;-gencode;arch=compute_60,code=sm_60;-gencode;arch=compute_70,code=sm_70;-gencode;arch=compute_75,code=sm_75;-gencode;arch=compute_80,code=sm_80;-gencode;arch=compute_86,code=sm_86
  - CuDNN 8.5
  - Magma 2.6.1
  - Build settings: BLAS_INFO=mkl, BUILD_TYPE=Release, CUDA_VERSION=11.7, CUDNN_VERSION=8.5.0, CXX_COMPILER=/opt/rh/devtoolset-9/root/usr/bin/c++, CXX_FLAGS= -fabi-version=11 -Wno-deprecated -fvisibility-inlines-hidden -DUSE_PTHREADPOOL -fopenmp -DNDEBUG -DUSE_KINETO -DUSE_FBGEMM -DUSE_QNNPACK -DUSE_PYTORCH_QNNPACK -DUSE_XNNPACK -DSYMBOLICATE_MOBILE_DEBUG_HANDLE -DEDGE_PROFILER_USE_KINETO -O2 -fPIC -Wno-narrowing -Wall -Wextra -Werror=return-type -Werror=non-virtual-dtor -Wno-missing-field-initializers -Wno-type-limits -Wno-array-bounds -Wno-unknown-pragmas -Wunused-local-typedefs -Wno-unused-parameter -Wno-unused-function -Wno-unused-result -Wno-strict-overflow -Wno-strict-aliasing -Wno-error=deprecated-declarations -Wno-stringop-overflow -Wno-psabi -Wno-error=pedantic -Wno-error=redundant-decls -Wno-error=old-style-cast -fdiagnostics-color=always -faligned-new -Wno-unused-but-set-variable -Wno-maybe-uninitialized -fno-math-errno -fno-trapping-math -Werror=format -Werror=cast-function-type -Wno-stringop-overflow, LAPACK_INFO=mkl, PERF_WITH_AVX=1, PERF_WITH_AVX2=1, PERF_WITH_AVX512=1, TORCH_VERSION=1.13.1, USE_CUDA=ON, USE_CUDNN=ON, USE_EXCEPTION_PTR=1, USE_GFLAGS=OFF, USE_GLOG=OFF, USE_MKL=ON, USE_MKLDNN=ON, USE_MPI=OFF, USE_NCCL=ON, USE_NNPACK=ON, USE_OPENMP=ON, USE_ROCM=OFF, 

    TorchVision: 0.14.1+cu117
    OpenCV: 4.8.1
    MMEngine: 0.9.0

Runtime environment:
    cudnn_benchmark: True
    mp_cfg: {'mp_start_method': 'fork', 'opencv_num_threads': 0}
    dist_cfg: {'backend': 'nccl'}
    seed: 1092194459
    Distributed launcher: none
    Distributed training: False
    GPU number: 8
------------------------------------------------------------

2023/12/03 07:27:50 - mmengine - INFO - Config:
crop_size = (
    512,
    512,
)
data_preprocessor = dict(
    bgr_to_rgb=True,
    mean=[
        123.675,
        116.28,
        103.53,
    ],
    pad_val=0,
    seg_pad_val=255,
    size=(
        512,
        512,
    ),
    std=[
        58.395,
        57.12,
        57.375,
    ],
    type='SegDataPreProcessor')
data_root = '/home/jy/mm/RVP/data/VOCdevkit/VOC2012'
dataset_type = 'PascalVOCDataset'
default_scope = 'mmseg'
env_cfg = dict(
    cudnn_benchmark=True,
    dist_cfg=dict(backend='nccl'),
    mp_cfg=dict(mp_start_method='fork', opencv_num_threads=0))
launcher = 'none'
load_from = None
log_level = 'INFO'
log_processor = dict(by_epoch=False)
model = dict(
    auxiliary_head=dict(
        align_corners=False,
        channels=256,
        concat_input=False,
        dropout_ratio=0.1,
        in_channels=1024,
        in_index=2,
        loss_decode=dict(
            loss_weight=0.4, type='CrossEntropyLoss', use_sigmoid=False),
        norm_cfg=dict(requires_grad=True, type='SyncBN'),
        num_classes=21,
        num_convs=1,
        type='FCNHead'),
    backbone=dict(
        contract_dilation=True,
        depth=50,
        dilations=(
            1,
            1,
            2,
            4,
        ),
        norm_cfg=dict(requires_grad=True, type='SyncBN'),
        norm_eval=False,
        num_stages=4,
        out_indices=(
            0,
            1,
            2,
            3,
        ),
        strides=(
            1,
            2,
            1,
            1,
        ),
        style='pytorch',
        type='ResNetV1c'),
    data_preprocessor=dict(
        bgr_to_rgb=True,
        mean=[
            123.675,
            116.28,
            103.53,
        ],
        pad_val=0,
        seg_pad_val=255,
        size=(
            512,
            512,
        ),
        std=[
            58.395,
            57.12,
            57.375,
        ],
        type='SegDataPreProcessor'),
    decode_head=dict(
        align_corners=False,
        channels=512,
        concat_input=True,
        dropout_ratio=0.1,
        in_channels=2048,
        in_index=3,
        loss_decode=dict(
            loss_weight=1.0, type='CrossEntropyLoss', use_sigmoid=False),
        norm_cfg=dict(requires_grad=True, type='SyncBN'),
        num_classes=21,
        num_convs=2,
        type='FCNHead'),
    pretrained='open-mmlab://resnet50_v1c',
    test_cfg=dict(mode='whole'),
    train_cfg=dict(),
    type='EncoderDecoder')
norm_cfg = dict(requires_grad=True, type='SyncBN')
resume = False
test_pipeline = [
    dict(type='LoadImageFromFile'),
    dict(type='LoadAnnotations'),
    dict(type='PackSegInputs'),
]
tta_model = dict(type='SegTTAModel')
val_cfg = dict(type='ValLoop')
val_dataloader = dict(
    batch_size=1,
    dataset=dict(
        ann_file='ImageSets/Segmentation/val.txt',
        data_prefix=dict(
            img_path='JPEGImages', seg_map_path='SegmentationClass'),
        data_root='/home/jy/mm/RVP/data/VOCdevkit/VOC2012',
        pipeline=[
            dict(type='LoadImageFromFile'),
            dict(type='LoadAnnotations'),
            dict(type='PackSegInputs'),
        ],
        type='PascalVOCDataset'),
    num_workers=4,
    persistent_workers=True,
    sampler=dict(shuffle=False, type='DefaultSampler'))
val_evaluator = dict(
    iou_metrics=[
        'mIoU',
    ], type='IoUMetric')
vis_backends = [
    dict(type='LocalVisBackend'),
]
visualizer = dict(
    name='visualizer',
    type='SegLocalVisualizer',
    vis_backends=[
        dict(type='LocalVisBackend'),
    ])
work_dir = './work_dirs/pascal_voc12_base'

2023/12/03 07:27:51 - mmengine - INFO - Distributed training is not used, all SyncBatchNorm (SyncBN) layers in the model will be automatically reverted to BatchNormXd layers if they are used.
2023/12/03 07:27:51 - mmengine - INFO - Hooks will be executed in the following order:
before_run:
(VERY_HIGH   ) RuntimeInfoHook                    
(BELOW_NORMAL) LoggerHook                         
 -------------------- 
before_train:
(VERY_HIGH   ) RuntimeInfoHook                    
(NORMAL      ) IterTimerHook                      
(VERY_LOW    ) CheckpointHook                     
 -------------------- 
before_train_epoch:
(VERY_HIGH   ) RuntimeInfoHook                    
(NORMAL      ) IterTimerHook                      
(NORMAL      ) DistSamplerSeedHook                
 -------------------- 
before_train_iter:
(VERY_HIGH   ) RuntimeInfoHook                    
(NORMAL      ) IterTimerHook                      
 -------------------- 
after_train_iter:
(VERY_HIGH   ) RuntimeInfoHook                    
(NORMAL      ) IterTimerHook                      
(BELOW_NORMAL) LoggerHook                         
(LOW         ) ParamSchedulerHook                 
(VERY_LOW    ) CheckpointHook                     
 -------------------- 
after_train_epoch:
(NORMAL      ) IterTimerHook                      
(LOW         ) ParamSchedulerHook                 
(VERY_LOW    ) CheckpointHook                     
 -------------------- 
before_val:
(VERY_HIGH   ) RuntimeInfoHook                    
 -------------------- 
before_val_epoch:
(NORMAL      ) IterTimerHook                      
 -------------------- 
before_val_iter:
(NORMAL      ) IterTimerHook                      
 -------------------- 
after_val_iter:
(NORMAL      ) IterTimerHook                      
(BELOW_NORMAL) LoggerHook                         
 -------------------- 
after_val_epoch:
(VERY_HIGH   ) RuntimeInfoHook                    
(NORMAL      ) IterTimerHook                      
(BELOW_NORMAL) LoggerHook                         
(LOW         ) ParamSchedulerHook                 
(VERY_LOW    ) CheckpointHook                     
 -------------------- 
after_val:
(VERY_HIGH   ) RuntimeInfoHook                    
 -------------------- 
after_train:
(VERY_HIGH   ) RuntimeInfoHook                    
(VERY_LOW    ) CheckpointHook                     
 -------------------- 
before_test:
(VERY_HIGH   ) RuntimeInfoHook                    
 -------------------- 
before_test_epoch:
(NORMAL      ) IterTimerHook                      
 -------------------- 
before_test_iter:
(NORMAL      ) IterTimerHook                      
 -------------------- 
after_test_iter:
(NORMAL      ) IterTimerHook                      
(BELOW_NORMAL) LoggerHook                         
 -------------------- 
after_test_epoch:
(VERY_HIGH   ) RuntimeInfoHook                    
(NORMAL      ) IterTimerHook                      
(BELOW_NORMAL) LoggerHook                         
 -------------------- 
after_test:
(VERY_HIGH   ) RuntimeInfoHook                    
 -------------------- 
after_run:
(BELOW_NORMAL) LoggerHook                         
 -------------------- 
2023/12/03 07:27:51 - mmengine - WARNING - The prefix is not set in metric class IoUMetric.
2023/12/03 07:27:52 - mmengine - INFO - Iter(val) [ 10/182]    eta: 0:00:06  time: 0.0378  data_time: 0.0292  memory: 190  
2023/12/03 07:27:52 - mmengine - INFO - Iter(val) [ 20/182]    eta: 0:00:03  time: 0.0093  data_time: 0.0013  memory: 190  
2023/12/03 07:27:52 - mmengine - INFO - Iter(val) [ 30/182]    eta: 0:00:02  time: 0.0099  data_time: 0.0013  memory: 190  
2023/12/03 07:27:52 - mmengine - INFO - Iter(val) [ 40/182]    eta: 0:00:02  time: 0.0097  data_time: 0.0018  memory: 190  
2023/12/03 07:27:52 - mmengine - INFO - Iter(val) [ 50/182]    eta: 0:00:02  time: 0.0099  data_time: 0.0014  memory: 190  
2023/12/03 07:27:52 - mmengine - INFO - Iter(val) [ 60/182]    eta: 0:00:01  time: 0.0105  data_time: 0.0013  memory: 190  
2023/12/03 07:27:52 - mmengine - INFO - Iter(val) [ 70/182]    eta: 0:00:01  time: 0.0089  data_time: 0.0013  memory: 190  
2023/12/03 07:27:52 - mmengine - INFO - Iter(val) [ 80/182]    eta: 0:00:01  time: 0.0093  data_time: 0.0013  memory: 190  
2023/12/03 07:27:53 - mmengine - INFO - Iter(val) [ 90/182]    eta: 0:00:01  time: 0.0101  data_time: 0.0013  memory: 190  
2023/12/03 07:27:53 - mmengine - INFO - Iter(val) [100/182]    eta: 0:00:01  time: 0.0087  data_time: 0.0012  memory: 190  
2023/12/03 07:27:53 - mmengine - INFO - Iter(val) [110/182]    eta: 0:00:00  time: 0.0093  data_time: 0.0013  memory: 190  
2023/12/03 07:27:53 - mmengine - INFO - Iter(val) [120/182]    eta: 0:00:00  time: 0.0088  data_time: 0.0013  memory: 190  
2023/12/03 07:27:53 - mmengine - INFO - Iter(val) [130/182]    eta: 0:00:00  time: 0.0086  data_time: 0.0013  memory: 190  
2023/12/03 07:27:53 - mmengine - INFO - Iter(val) [140/182]    eta: 0:00:00  time: 0.0091  data_time: 0.0013  memory: 190  
2023/12/03 07:27:53 - mmengine - INFO - Iter(val) [150/182]    eta: 0:00:00  time: 0.0095  data_time: 0.0013  memory: 190  
2023/12/03 07:27:53 - mmengine - INFO - Iter(val) [160/182]    eta: 0:00:00  time: 0.0092  data_time: 0.0013  memory: 190  
2023/12/03 07:27:53 - mmengine - INFO - Iter(val) [170/182]    eta: 0:00:00  time: 0.0092  data_time: 0.0013  memory: 190  
2023/12/03 07:27:53 - mmengine - INFO - Iter(val) [180/182]    eta: 0:00:00  time: 0.0078  data_time: 0.0011  memory: 190  
2023/12/03 07:27:54 - mmengine - INFO - per class results:
2023/12/03 07:27:54 - mmengine - INFO - 
+-------------+-------+-------+
|    Class    |  IoU  |  Acc  |
+-------------+-------+-------+
|  background | 80.95 |  88.4 |
|  aeroplane  | 46.18 | 65.45 |
|   bicycle   | 27.17 | 71.75 |
|     bird    | 58.51 | 77.98 |
|     boat    | 50.34 | 71.23 |
|    bottle   | 36.31 | 55.08 |
|     bus     | 61.23 | 70.92 |
|     car     | 61.23 | 77.59 |
|     cat     | 66.12 | 79.73 |
|    chair    | 25.51 |  52.5 |
|     cow     | 66.65 | 82.63 |
| diningtable | 40.66 | 59.47 |
|     dog     | 69.42 | 84.24 |
|    horse    | 57.91 | 73.95 |
|  motorbike  |  58.2 | 74.33 |
|    person   | 52.18 |  64.3 |
| pottedplant | 29.83 | 68.62 |
|    sheep    | 65.14 | 79.17 |
|     sofa    |  8.34 |  8.71 |
|    train    | 62.29 | 80.65 |
|  tvmonitor  |  24.9 | 84.58 |
+-------------+-------+-------+
2023/12/03 07:27:54 - mmengine - INFO - Iter(val) [182/182]    aAcc: 83.2000  mIoU: 49.9600  mAcc: 70.0600  data_time: 0.0028  time: 0.0108
